etc/nginx/
etc/nginx/conf.d/
etc/nginx/conf.d/revproxy.conf
etc/nginx/default.d/
etc/nginx/mime.types
etc/nginx/fastcgi.conf
etc/nginx/fastcgi.conf.default
etc/nginx/fastcgi_params
etc/nginx/fastcgi_params.default
etc/nginx/koi-utf
etc/nginx/koi-win
etc/nginx/mime.types.default
etc/nginx/nginx.conf
etc/nginx/nginx.conf.default
etc/nginx/scgi_params
etc/nginx/scgi_params.default
etc/nginx/uwsgi_params
etc/nginx/uwsgi_params.default
etc/nginx/win-utf
usr/share/nginx/html/
usr/share/nginx/html/icons/
usr/share/nginx/html/icons/poweredby.png
usr/share/nginx/html/404.html
usr/share/nginx/html/50x.html
usr/share/nginx/html/index.html
usr/share/nginx/html/nginx-logo.png
usr/share/nginx/html/poweredby.png
usr/share/nginx/html/about.html
Backup completed at Sun Dec 28 15:34:48 UTC 2025